2021-11-18 08:31:43.5677|INFO|Microsoft.EntityFrameworkCore.Infrastructure|Entity Framework Core 2.1.14-servicing-32113 initialized 'CityInfoContext' using provider 'Microsoft.EntityFrameworkCore.SqlServer' with options: None
2021-11-18 08:32:10.4047|INFO|CityInfo.API.Program|Initializing application...
2021-11-18 08:32:11.5183|INFO|Microsoft.EntityFrameworkCore.Infrastructure|Entity Framework Core 2.1.14-servicing-32113 initialized 'CityInfoContext' using provider 'Microsoft.EntityFrameworkCore.SqlServer' with options: None
2021-11-18 08:32:14.1799|INFO|Microsoft.EntityFrameworkCore.Database.Command|Executed DbCommand (24ms) [Parameters=[], CommandType='Text', CommandTimeout='60']
IF SERVERPROPERTY('EngineEdition') <> 5
BEGIN
    ALTER DATABASE [CityInfoDB] SET SINGLE_USER WITH ROLLBACK IMMEDIATE;
END;
2021-11-18 08:32:14.2703|INFO|Microsoft.EntityFrameworkCore.Database.Command|Executed DbCommand (86ms) [Parameters=[], CommandType='Text', CommandTimeout='60']
DROP DATABASE [CityInfoDB];
2021-11-18 08:32:24.7585|INFO|Microsoft.EntityFrameworkCore.Database.Command|Executed DbCommand (257ms) [Parameters=[], CommandType='Text', CommandTimeout='60']
CREATE DATABASE [CityInfoDB];
2021-11-18 08:32:24.8201|INFO|Microsoft.EntityFrameworkCore.Database.Command|Executed DbCommand (59ms) [Parameters=[], CommandType='Text', CommandTimeout='60']
IF SERVERPROPERTY('EngineEdition') <> 5
BEGIN
    ALTER DATABASE [CityInfoDB] SET READ_COMMITTED_SNAPSHOT ON;
END;
2021-11-18 08:32:24.8836|INFO|Microsoft.EntityFrameworkCore.Database.Command|Executed DbCommand (11ms) [Parameters=[], CommandType='Text', CommandTimeout='30']
CREATE TABLE [__EFMigrationsHistory] (
    [MigrationId] nvarchar(150) NOT NULL,
    [ProductVersion] nvarchar(32) NOT NULL,
    CONSTRAINT [PK___EFMigrationsHistory] PRIMARY KEY ([MigrationId])
);
2021-11-18 08:32:24.8836|INFO|Microsoft.EntityFrameworkCore.Database.Command|Executed DbCommand (5ms) [Parameters=[], CommandType='Text', CommandTimeout='30']
SELECT OBJECT_ID(N'[__EFMigrationsHistory]');
2021-11-18 08:32:24.8966|INFO|Microsoft.EntityFrameworkCore.Database.Command|Executed DbCommand (1ms) [Parameters=[], CommandType='Text', CommandTimeout='30']
SELECT [MigrationId], [ProductVersion]
FROM [__EFMigrationsHistory]
ORDER BY [MigrationId];
2021-11-18 08:32:24.8966|INFO|Microsoft.EntityFrameworkCore.Migrations|Applying migration '20211117172821_CityInfoDBInitialMigration'.
2021-11-18 08:32:24.9213|INFO|Microsoft.EntityFrameworkCore.Database.Command|Executed DbCommand (1ms) [Parameters=[], CommandType='Text', CommandTimeout='30']
CREATE TABLE [Cities] (
    [Id] int NOT NULL IDENTITY,
    [Name] nvarchar(50) NOT NULL,
    [Description] nvarchar(200) NULL,
    CONSTRAINT [PK_Cities] PRIMARY KEY ([Id])
);
2021-11-18 08:32:24.9213|INFO|Microsoft.EntityFrameworkCore.Database.Command|Executed DbCommand (2ms) [Parameters=[], CommandType='Text', CommandTimeout='30']
CREATE TABLE [PointOfInterestDto] (
    [Id] int NOT NULL IDENTITY,
    [Name] nvarchar(max) NULL,
    [Description] nvarchar(max) NULL,
    [CityId] int NULL,
    CONSTRAINT [PK_PointOfInterestDto] PRIMARY KEY ([Id]),
    CONSTRAINT [FK_PointOfInterestDto_Cities_CityId] FOREIGN KEY ([CityId]) REFERENCES [Cities] ([Id]) ON DELETE NO ACTION
);
2021-11-18 08:32:24.9289|INFO|Microsoft.EntityFrameworkCore.Database.Command|Executed DbCommand (1ms) [Parameters=[], CommandType='Text', CommandTimeout='30']
CREATE TABLE [PointsOfInterests] (
    [Id] int NOT NULL IDENTITY,
    [Name] nvarchar(50) NOT NULL,
    [CityId] int NOT NULL,
    CONSTRAINT [PK_PointsOfInterests] PRIMARY KEY ([Id]),
    CONSTRAINT [FK_PointsOfInterests_Cities_CityId] FOREIGN KEY ([CityId]) REFERENCES [Cities] ([Id]) ON DELETE CASCADE
);
2021-11-18 08:32:24.9289|INFO|Microsoft.EntityFrameworkCore.Database.Command|Executed DbCommand (1ms) [Parameters=[], CommandType='Text', CommandTimeout='30']
CREATE INDEX [IX_PointOfInterestDto_CityId] ON [PointOfInterestDto] ([CityId]);
2021-11-18 08:32:24.9289|INFO|Microsoft.EntityFrameworkCore.Database.Command|Executed DbCommand (1ms) [Parameters=[], CommandType='Text', CommandTimeout='30']
CREATE INDEX [IX_PointsOfInterests_CityId] ON [PointsOfInterests] ([CityId]);
2021-11-18 08:32:24.9289|INFO|Microsoft.EntityFrameworkCore.Database.Command|Executed DbCommand (1ms) [Parameters=[], CommandType='Text', CommandTimeout='30']
INSERT INTO [__EFMigrationsHistory] ([MigrationId], [ProductVersion])
VALUES (N'20211117172821_CityInfoDBInitialMigration', N'2.1.14-servicing-32113');
2021-11-18 08:32:24.9289|INFO|Microsoft.EntityFrameworkCore.Migrations|Applying migration '20211117175447_CityInfoDBAddPoIDescription'.
2021-11-18 08:32:24.9471|INFO|Microsoft.EntityFrameworkCore.Database.Command|Executed DbCommand (2ms) [Parameters=[], CommandType='Text', CommandTimeout='30']
ALTER TABLE [PointsOfInterests] ADD [Description] nvarchar(200) NULL;
2021-11-18 08:32:24.9471|INFO|Microsoft.EntityFrameworkCore.Database.Command|Executed DbCommand (0ms) [Parameters=[], CommandType='Text', CommandTimeout='30']
INSERT INTO [__EFMigrationsHistory] ([MigrationId], [ProductVersion])
VALUES (N'20211117175447_CityInfoDBAddPoIDescription', N'2.1.14-servicing-32113');
2021-11-18 08:32:24.9471|INFO|Microsoft.EntityFrameworkCore.Migrations|Applying migration '20211118073143_SampleData'.
2021-11-18 08:32:24.9720|INFO|Microsoft.EntityFrameworkCore.Database.Command|Executed DbCommand (11ms) [Parameters=[], CommandType='Text', CommandTimeout='30']
IF EXISTS (SELECT * FROM [sys].[identity_columns] WHERE [name] IN (N'Id', N'Description', N'Name') AND [object_id] = OBJECT_ID(N'[Cities]'))
    SET IDENTITY_INSERT [Cities] ON;
INSERT INTO [Cities] ([Id], [Description], [Name])
VALUES (1, N'The one with that big park.', N'New York City');
IF EXISTS (SELECT * FROM [sys].[identity_columns] WHERE [name] IN (N'Id', N'Description', N'Name') AND [object_id] = OBJECT_ID(N'[Cities]'))
    SET IDENTITY_INSERT [Cities] OFF;
2021-11-18 08:32:24.9810|INFO|Microsoft.EntityFrameworkCore.Database.Command|Executed DbCommand (6ms) [Parameters=[], CommandType='Text', CommandTimeout='30']
IF EXISTS (SELECT * FROM [sys].[identity_columns] WHERE [name] IN (N'Id', N'Description', N'Name') AND [object_id] = OBJECT_ID(N'[Cities]'))
    SET IDENTITY_INSERT [Cities] ON;
INSERT INTO [Cities] ([Id], [Description], [Name])
VALUES (2, N'The one with the cathedral that was never really finished.', N'Antwerp');
IF EXISTS (SELECT * FROM [sys].[identity_columns] WHERE [name] IN (N'Id', N'Description', N'Name') AND [object_id] = OBJECT_ID(N'[Cities]'))
    SET IDENTITY_INSERT [Cities] OFF;
2021-11-18 08:32:24.9810|INFO|Microsoft.EntityFrameworkCore.Database.Command|Executed DbCommand (6ms) [Parameters=[], CommandType='Text', CommandTimeout='30']
IF EXISTS (SELECT * FROM [sys].[identity_columns] WHERE [name] IN (N'Id', N'Description', N'Name') AND [object_id] = OBJECT_ID(N'[Cities]'))
    SET IDENTITY_INSERT [Cities] ON;
INSERT INTO [Cities] ([Id], [Description], [Name])
VALUES (3, N'The one with that big tower.', N'Paris');
IF EXISTS (SELECT * FROM [sys].[identity_columns] WHERE [name] IN (N'Id', N'Description', N'Name') AND [object_id] = OBJECT_ID(N'[Cities]'))
    SET IDENTITY_INSERT [Cities] OFF;
2021-11-18 08:32:25.0018|INFO|Microsoft.EntityFrameworkCore.Database.Command|Executed DbCommand (10ms) [Parameters=[], CommandType='Text', CommandTimeout='30']
IF EXISTS (SELECT * FROM [sys].[identity_columns] WHERE [name] IN (N'Id', N'CityId', N'Description', N'Name') AND [object_id] = OBJECT_ID(N'[PointsOfInterests]'))
    SET IDENTITY_INSERT [PointsOfInterests] ON;
INSERT INTO [PointsOfInterests] ([Id], [CityId], [Description], [Name])
VALUES (1, 1, N'The most visited urban park in the United States.', N'Central Park'),
(2, 1, N'A 102-story skyscraper located in Midtown Manhattan.', N'Empire State Building'),
(3, 2, N'A Gothic style cathedral, conceived by architects Jan and Pieter Appelmans.', N'Cathedral'),
(4, 2, N'The the finest example of railway architecture in Belgium.', N'Antwerp Central Station'),
(5, 3, N'A wrought iron lattice tower on the Champ de Mars, named after engineer Gustave Eiffel.', N'Eiffel Tower'),
(6, 3, N'The world''s largest museum.', N'The Louvre');
IF EXISTS (SELECT * FROM [sys].[identity_columns] WHERE [name] IN (N'Id', N'CityId', N'Description', N'Name') AND [object_id] = OBJECT_ID(N'[PointsOfInterests]'))
    SET IDENTITY_INSERT [PointsOfInterests] OFF;
2021-11-18 08:32:25.0018|INFO|Microsoft.EntityFrameworkCore.Database.Command|Executed DbCommand (0ms) [Parameters=[], CommandType='Text', CommandTimeout='30']
INSERT INTO [__EFMigrationsHistory] ([MigrationId], [ProductVersion])
VALUES (N'20211118073143_SampleData', N'2.1.14-servicing-32113');
2021-11-18 08:32:25.0801|INFO|Microsoft.AspNetCore.DataProtection.KeyManagement.XmlKeyManager|User profile is available. Using 'C:\Users\user\AppData\Local\ASP.NET\DataProtection-Keys' as key repository and Windows DPAPI to encrypt keys at rest.
2021-11-18 08:32:25.5220|INFO|Microsoft.AspNetCore.Hosting.Internal.WebHost|Request starting HTTP/1.1 DEBUG http://localhost:1028/  0
2021-11-18 08:32:25.5220|INFO|Microsoft.AspNetCore.Hosting.Internal.WebHost|Request starting HTTP/1.1 GET http://localhost:1028/  
2021-11-18 08:32:25.5634|INFO|Microsoft.AspNetCore.Hosting.Internal.WebHost|Request finished in 42.4179ms 200 
2021-11-18 08:32:25.7402|ERROR|Microsoft.AspNetCore.Diagnostics.DeveloperExceptionPageMiddleware|An unhandled exception has occurred while executing the request.
2021-11-18 08:32:25.7715|INFO|Microsoft.AspNetCore.Hosting.Internal.WebHost|Request finished in 251.5939ms 500 text/html; charset=utf-8
2021-11-18 08:32:25.9593|INFO|Microsoft.AspNetCore.Hosting.Internal.WebHost|Request starting HTTP/1.1 GET http://localhost:1028/favicon.ico  
2021-11-18 08:32:25.9593|INFO|Microsoft.AspNetCore.Hosting.Internal.WebHost|Request finished in 2.9333ms 404 text/plain
