2021-11-17 16:01:14.8496|INFO|CityInfo.API.Program|Initializing application...
2021-11-17 16:01:15.8556|INFO|Microsoft.AspNetCore.DataProtection.KeyManagement.XmlKeyManager|User profile is available. Using 'C:\Users\user\AppData\Local\ASP.NET\DataProtection-Keys' as key repository and Windows DPAPI to encrypt keys at rest.
2021-11-17 16:01:16.5631|INFO|Microsoft.AspNetCore.Hosting.Internal.WebHost|Request starting HTTP/1.1 DEBUG http://localhost:1028/  0
2021-11-17 16:01:16.5631|INFO|Microsoft.AspNetCore.Hosting.Internal.WebHost|Request starting HTTP/1.1 GET http://localhost:1028/  
2021-11-17 16:01:16.6197|INFO|Microsoft.AspNetCore.Hosting.Internal.WebHost|Request finished in 70.4273ms 200 
2021-11-17 16:01:16.8246|ERROR|Microsoft.AspNetCore.Diagnostics.DeveloperExceptionPageMiddleware|An unhandled exception has occurred while executing the request.
2021-11-17 16:01:16.8672|INFO|Microsoft.AspNetCore.Hosting.Internal.WebHost|Request finished in 322.8896ms 500 text/html; charset=utf-8
2021-11-17 16:01:26.5721|INFO|Microsoft.AspNetCore.Hosting.Internal.WebHost|Request starting HTTP/1.1 DELETE http://localhost:1028/api/cities/1/pointsofinterest/1  
2021-11-17 16:01:26.6114|INFO|Microsoft.AspNetCore.Mvc.Internal.ControllerActionInvoker|Route matched with {action = "DeletePointOfInterest", controller = "PointsOfInterest", page = ""}. Executing controller action with signature Microsoft.AspNetCore.Mvc.IActionResult DeletePointOfInterest(Int32, Int32) on controller CityInfo.API.Controllers.PointsOfInterestController (CityInfo.API).
2021-11-17 16:01:26.6359|INFO|Microsoft.AspNetCore.Mvc.Internal.ControllerActionInvoker|Executing action method CityInfo.API.Controllers.PointsOfInterestController.DeletePointOfInterest (CityInfo.API) - Validation state: Valid
2021-11-17 16:01:26.6470|INFO|Microsoft.AspNetCore.Mvc.Internal.ControllerActionInvoker|Executed action method CityInfo.API.Controllers.PointsOfInterestController.DeletePointOfInterest (CityInfo.API), returned result Microsoft.AspNetCore.Mvc.NoContentResult in 6.8592ms.
2021-11-17 16:01:26.6470|INFO|Microsoft.AspNetCore.Mvc.StatusCodeResult|Executing HttpStatusCodeResult, setting HTTP status code 204
2021-11-17 16:01:26.6470|INFO|Microsoft.AspNetCore.Mvc.Internal.ControllerActionInvoker|Executed action CityInfo.API.Controllers.PointsOfInterestController.DeletePointOfInterest (CityInfo.API) in 44.1847ms
2021-11-17 16:01:26.6644|INFO|Microsoft.AspNetCore.Hosting.Internal.WebHost|Request finished in 97.8215ms 204 
2021-11-17 18:23:00.4941|INFO|CityInfo.API.Program|Initializing application...
2021-11-17 18:23:01.7371|INFO|Microsoft.AspNetCore.DataProtection.KeyManagement.XmlKeyManager|User profile is available. Using 'C:\Users\user\AppData\Local\ASP.NET\DataProtection-Keys' as key repository and Windows DPAPI to encrypt keys at rest.
2021-11-17 18:23:02.2548|INFO|Microsoft.AspNetCore.Hosting.Internal.WebHost|Request starting HTTP/1.1 DEBUG http://localhost:1028/  0
2021-11-17 18:23:02.2548|INFO|Microsoft.AspNetCore.Hosting.Internal.WebHost|Request starting HTTP/1.1 GET http://localhost:1028/  
2021-11-17 18:23:02.3011|INFO|Microsoft.AspNetCore.Hosting.Internal.WebHost|Request finished in 47.0339ms 200 
2021-11-17 18:23:02.5672|ERROR|Microsoft.AspNetCore.Diagnostics.DeveloperExceptionPageMiddleware|An unhandled exception has occurred while executing the request.
2021-11-17 18:23:02.6169|INFO|Microsoft.AspNetCore.Hosting.Internal.WebHost|Request finished in 361.6722ms 500 text/html; charset=utf-8
2021-11-17 18:23:13.7070|INFO|Microsoft.AspNetCore.Hosting.Internal.WebHost|Request starting HTTP/1.1 GET http://localhost:1028/api/testdatabase  
2021-11-17 18:23:13.7358|INFO|Microsoft.AspNetCore.Mvc.Internal.ControllerActionInvoker|Route matched with {action = "TestDatabase", controller = "EfDatabase", page = ""}. Executing controller action with signature Microsoft.AspNetCore.Mvc.IActionResult TestDatabase() on controller CityInfo.API.Controllers.EfDatabaseController (CityInfo.API).
2021-11-17 18:23:14.1685|INFO|Microsoft.EntityFrameworkCore.Infrastructure|Entity Framework Core 2.1.14-servicing-32113 initialized 'CityInfoContext' using provider 'Microsoft.EntityFrameworkCore.SqlServer' with options: None
2021-11-17 18:23:25.6490|INFO|Microsoft.EntityFrameworkCore.Database.Command|Executed DbCommand (301ms) [Parameters=[], CommandType='Text', CommandTimeout='60']
CREATE DATABASE [CityInfoDB];
2021-11-17 18:23:25.7178|INFO|Microsoft.EntityFrameworkCore.Database.Command|Executed DbCommand (64ms) [Parameters=[], CommandType='Text', CommandTimeout='60']
IF SERVERPROPERTY('EngineEdition') <> 5
BEGIN
    ALTER DATABASE [CityInfoDB] SET READ_COMMITTED_SNAPSHOT ON;
END;
2021-11-17 18:23:25.7828|INFO|Microsoft.EntityFrameworkCore.Database.Command|Executed DbCommand (7ms) [Parameters=[], CommandType='Text', CommandTimeout='30']
CREATE TABLE [Cities] (
    [Id] int NOT NULL IDENTITY,
    [Name] nvarchar(50) NOT NULL,
    [Description] nvarchar(200) NULL,
    CONSTRAINT [PK_Cities] PRIMARY KEY ([Id])
);
2021-11-17 18:23:25.7881|INFO|Microsoft.EntityFrameworkCore.Database.Command|Executed DbCommand (2ms) [Parameters=[], CommandType='Text', CommandTimeout='30']
CREATE TABLE [PointOfInterestDto] (
    [Id] int NOT NULL IDENTITY,
    [Name] nvarchar(max) NULL,
    [Description] nvarchar(max) NULL,
    [CityId] int NULL,
    CONSTRAINT [PK_PointOfInterestDto] PRIMARY KEY ([Id]),
    CONSTRAINT [FK_PointOfInterestDto_Cities_CityId] FOREIGN KEY ([CityId]) REFERENCES [Cities] ([Id]) ON DELETE NO ACTION
);
2021-11-17 18:23:25.7881|INFO|Microsoft.EntityFrameworkCore.Database.Command|Executed DbCommand (1ms) [Parameters=[], CommandType='Text', CommandTimeout='30']
CREATE TABLE [PointsOfInterests] (
    [Id] int NOT NULL IDENTITY,
    [Name] nvarchar(50) NOT NULL,
    [CityId] int NOT NULL,
    CONSTRAINT [PK_PointsOfInterests] PRIMARY KEY ([Id]),
    CONSTRAINT [FK_PointsOfInterests_Cities_CityId] FOREIGN KEY ([CityId]) REFERENCES [Cities] ([Id]) ON DELETE CASCADE
);
2021-11-17 18:23:25.7881|INFO|Microsoft.EntityFrameworkCore.Database.Command|Executed DbCommand (1ms) [Parameters=[], CommandType='Text', CommandTimeout='30']
CREATE INDEX [IX_PointOfInterestDto_CityId] ON [PointOfInterestDto] ([CityId]);
2021-11-17 18:23:25.7881|INFO|Microsoft.EntityFrameworkCore.Database.Command|Executed DbCommand (1ms) [Parameters=[], CommandType='Text', CommandTimeout='30']
CREATE INDEX [IX_PointsOfInterests_CityId] ON [PointsOfInterests] ([CityId]);
2021-11-17 18:23:25.8075|INFO|Microsoft.AspNetCore.Mvc.Internal.ControllerActionInvoker|Executing action method CityInfo.API.Controllers.EfDatabaseController.TestDatabase (CityInfo.API) - Validation state: Valid
2021-11-17 18:23:25.8075|INFO|Microsoft.AspNetCore.Mvc.Internal.ControllerActionInvoker|Executed action method CityInfo.API.Controllers.EfDatabaseController.TestDatabase (CityInfo.API), returned result Microsoft.AspNetCore.Mvc.OkResult in 0.3114ms.
2021-11-17 18:23:25.8211|INFO|Microsoft.AspNetCore.Mvc.StatusCodeResult|Executing HttpStatusCodeResult, setting HTTP status code 200
2021-11-17 18:23:25.8211|INFO|Microsoft.AspNetCore.Mvc.Internal.ControllerActionInvoker|Executed action CityInfo.API.Controllers.EfDatabaseController.TestDatabase (CityInfo.API) in 12086.0857ms
2021-11-17 18:23:25.8340|INFO|Microsoft.AspNetCore.Hosting.Internal.WebHost|Request finished in 12126.5537ms 200 
